;Exportando as constantes ================================================================
2000 0000 ; "SHIFT1>"		;	SHIFT1			>
2002 0000 ; "SHIFT2>"		;	SHIFT2			>
2004 0000 ; "TRATA_NEG>"		;	TRATA_NEG		>
2006 0000 ; "VOLTA_NEG>"		;	VOLTA_NEG		>
2008 0000 ; "MM_VAZIA>"		;	MM_VAZIA		>
200a 0000 ; "LD_VAZIA>"		;	LD_VAZIA    	>
200c 0000 ; "INC_ADDRESS>"		;	INC_ADDRESS		>
200e 0000 ; "INCREASE>"		;	INCREASE		>
2010 0000 ; "INVALID_ADDR>"		;	INVALID_ADDR	>
2012 0000 ; "CHECK_DIGITO>"		;	CHECK_DIGITO	>
2014 0000 ; "DIGITO_TO_HEX>"		;	DIGITO_TO_HEX	>
2016 0000 ; "LETRA_TO_HEX>"		;	LETRA_TO_HEX	>
2018 0000 ; "CH_1>"		;	CH_1			>
201a 0000 ; "CH_2>"		;	CH_2			>
201c 0000 ; "CH_3>"		;	CH_3			>
201e 0000 ; "CH_4>"		;	CH_4			>
2020 0000 ; "CH_5>"		;	CH_5			>
2022 0000 ; "CH_6>"		;	CH_6			>
2024 0000 ; "CH_E>"		;	CH_E			>
2026 0000 ; "EOL>"		;	EOL				>
2028 0000 ; "EOF>"		;	EOF				>
202a 0000 ; "EOS>"		;	EOS				>
202c 0000 ; "GD_VAZIA_D>"		;	GD_VAZIA_D		>
202e 0000 ; "PD_VAZIA_D>"		;	PD_VAZIA_D		>
2030 0000 ; "FALSE>"		;	FALSE			>
2032 0000 ; "TRUE>"		;	TRUE			>
				;					& 		/0000

;Definição e valores das contantes =============================================================
8000 0010		;	SHIFT1			K		/0010		; Constante que desloca em 1 posição os bits das palavras
8002 0100		;	SHIFT2			K 		/0100		; Constante que desloca em 2 posições os bits das palavras
8004 8000		;	TRATA_NEG		K		/8000		; Constante utilizada para passar um numero negativo para um positivo
8006 0080		;	VOLTA_NEG		K		/0080		; Constante utilizada para voltar o número para negativo
8008 9000		;	MM_VAZIA		MM      /0000		; Move to memory vazia para criação de instrução dinamicamente
800a 8000		;	LD_VAZIA    	LD 		/0000		; Load vazia para criação de intruções dinamicamente
800c 0002		;	INC_ADDRESS		K		/0002		; Constante de incremento de endereço
800e 0001		;	INCREASE		K 		/0001		; Constante de decremento de contagem
8010 1000		;	INVALID_ADDR	K		/1000       ; Constante de endereço invalido. Qualquer endereço igual ou maior que ele é inválido
8012 000a		;	CHECK_DIGITO	K 		/000A		; Constante utilizada para checar se é digito (se você subtrair e for positivo, é letra)
8014 0030		;	DIGITO_TO_HEX	K 		/0030		; Constante que, somada com um digito, dá o seu código ASCII
8016 0037		;	LETRA_TO_HEX	K		/0037		; Constante que, somada com uma letra, dá o seu código ASCII


; Constantes para a rotina CHTOI
8018 0040		;	CH_1			K		/0040
801a 0006		;	CH_2			K		/0006
801c 0007		;	CH_3			K		/0007
801e 0010		;	CH_4			K		/0010
8020 0100		;	CH_5			K		/0100
8022 1000		;	CH_6 			K 		/1000
8024 ffff		;	CH_E			K		/FFFF

; Constantes para a rotina GETLINEF
8026 0a0d		;	EOL				K		/0A0D		; Fim da linha (codigo em ASCII)
8028 ffff		;	EOF				K		/FFFF		; Fim do arquivo
802a 0000		;	EOS				K		/0000		; Fim da string
802c d300		;	GD_VAZIA_D		GD 		/0300		; Get Data (do disco) vazia para criação de instrução dinamicamente
802e e300		;	PD_VAZIA_D		PD 		/0300		; Put Data (do disco) vazia para criação de instrução dinamicamente
8030 0000		;	FALSE			K		/0000		;
8032 0001		;	TRUE			K		/0001		;

