				;					& 		/0000
;Exportando as constantes ================================================================
2000 0000 ; "SHIFT2>"		;	SHIFT2			>
2002 0000 ; "TRATA_NEG>"		;	TRATA_NEG		>
2004 0000 ; "VOLTA_NEG>"		;	VOLTA_NEG 		>
2006 0000 ; "MM_VAZIA>"		;	MM_VAZIA		>
2008 0000 ; "LD_VAZIA>"		;	LD_VAZIA		>
200a 0000 ; "INC_ADDRESS>"		;	INC_ADDRESS 	>
200c 0000 ; "INCREASE>"		;	INCREASE		>
200e 0000 ; "INVALID_ADDR>"		;	INVALID_ADDR	>
2010 0000 ; "CH_1>"		;	CH_1			>
2012 0000 ; "CH_2>"		;	CH_2			>
2014 0000 ; "CH_3>"		;	CH_3			>
2016 0000 ; "CH_4>"		;	CH_4			>
2018 0000 ; "CH_5>"		;	CH_5			>
201a 0000 ; "CH_6>"		;	CH_6			>
201c 0000 ; "CH_E>"		;	CH_E			>


;Definição e valores das contantes =============================================================
8000 0100		;	SHIFT2			K 		/0100		; Constante que desloca em 2 posições os bits das palavras
8002 8000		;	TRATA_NEG		K		/8000		; Constante utilizada para passar um numero negativo para um positivo
8004 0080		;	VOLTA_NEG		K		/0080		; Constante utilizada para voltar o número para negativo
8006 9000		;	MM_VAZIA		MM      /0000		; Move to memory vazia para criação de instrução dinamicamente
8008 8000		;	LD_VAZIA    	LD 		/0000		; Load vazia para criação de intruções dinamicamente
800a 0002		;	INC_ADDRESS		K		/0002		; Constante de incremento de endereço
800c 0001		;	INCREASE		K 		/0001		; Constante de decremento de contagem
800e 1000		;	INVALID_ADDR	K		/1000       ; Constante de endereço invalido. Qualquer endereço igual ou maior que ele é inválido
; Constantes para a rotina CHTOI
8010 0040		;	CH_1			K		/0040
8012 0006		;	CH_2			K		/0006
8014 0007		;	CH_3			K		/0007
8016 0010		;	CH_4			K		/0010
8018 0100		;	CH_5			K		/0100
801a 1000		;	CH_6 			K 		/1000
801c ffff		;	CH_E			K		/FFFF
